<?xml version="1.0" encoding="UTF-8"?>
<coverage generated="1713524726458" clover="3.2.0">
  <project timestamp="1713524726458" name="All files">
    <metrics statements="23" coveredstatements="21" conditionals="8" coveredconditionals="6" methods="6" coveredmethods="5" elements="37" coveredelements="32" complexity="0" loc="23" ncloc="23" packages="3" files="4" classes="4"/>
    <package name="ZenTimer">
      <metrics statements="2" coveredstatements="0" conditionals="0" coveredconditionals="0" methods="1" coveredmethods="0"/>
      <file name="App.js" path="/Users/leninortizreyes/Desktop/ZenTimer/ZenTimer/App.js">
        <metrics statements="2" coveredstatements="0" conditionals="0" coveredconditionals="0" methods="1" coveredmethods="0"/>
        <line num="10" count="0" type="stmt"/>
        <line num="19" count="0" type="stmt"/>
      </file>
    </package>
    <package name="ZenTimer.screens.WelcomeScreen">
      <metrics statements="18" coveredstatements="18" conditionals="8" coveredconditionals="6" methods="5" coveredmethods="5"/>
      <file name="WelcomeScreen.js" path="/Users/leninortizreyes/Desktop/ZenTimer/ZenTimer/screens/WelcomeScreen/WelcomeScreen.js">
        <metrics statements="2" coveredstatements="2" conditionals="0" coveredconditionals="0" methods="1" coveredmethods="1"/>
        <line num="18" count="1" type="stmt"/>
        <line num="19" count="18" type="stmt"/>
      </file>
      <file name="WelcomeScreenStyles.js" path="/Users/leninortizreyes/Desktop/ZenTimer/ZenTimer/screens/WelcomeScreen/WelcomeScreenStyles.js">
        <metrics statements="16" coveredstatements="16" conditionals="8" coveredconditionals="6" methods="4" coveredmethods="4"/>
        <line num="5" count="1" type="stmt"/>
        <line num="7" count="1" type="stmt"/>
        <line num="13" count="1" type="stmt"/>
        <line num="20" count="1" type="stmt"/>
        <line num="26" count="1" type="stmt"/>
        <line num="37" count="1" type="stmt"/>
        <line num="42" count="1" type="stmt"/>
        <line num="50" count="18" type="cond" truecount="2" falsecount="0"/>
        <line num="56" count="1" type="stmt"/>
        <line num="64" count="36" type="cond" truecount="2" falsecount="0"/>
        <line num="71" count="1" type="stmt"/>
        <line num="75" count="1" type="stmt"/>
        <line num="85" count="18" type="cond" truecount="1" falsecount="1"/>
        <line num="93" count="1" type="stmt"/>
        <line num="98" count="18" type="cond" truecount="1" falsecount="1"/>
        <line num="105" count="1" type="stmt"/>
      </file>
    </package>
    <package name="ZenTimer.styles">
      <metrics statements="3" coveredstatements="3" conditionals="0" coveredconditionals="0" methods="0" coveredmethods="0"/>
      <file name="AppStyles.js" path="/Users/leninortizreyes/Desktop/ZenTimer/ZenTimer/styles/AppStyles.js">
        <metrics statements="3" coveredstatements="3" conditionals="0" coveredconditionals="0" methods="0" coveredmethods="0"/>
        <line num="6" count="3" type="stmt"/>
        <line num="15" count="3" type="stmt"/>
        <line num="19" count="3" type="stmt"/>
      </file>
    </package>
  </project>
</coverage>
