{"/Users/leninortizreyes/Desktop/ZenTimer/ZenTimer/component/TextInputLoginScreen.js": {"path":"/Users/leninortizreyes/Desktop/ZenTimer/ZenTimer/component/TextInputLoginScreen.js","statementMap":{"0":{"start":{"line":9,"column":29},"end":{"line":35,"column":1}},"1":{"start":{"line":17,"column":6},"end":{"line":17,"column":11}},"2":{"start":{"line":19,"column":2},"end":{"line":34,"column":4}},"3":{"start":{"line":29,"column":25},"end":{"line":29,"column":55}}},"fnMap":{"0":{"name":"(anonymous_0)","decl":{"start":{"line":9,"column":29},"end":{"line":9,"column":30}},"loc":{"start":{"line":9,"column":40},"end":{"line":35,"column":1}},"line":9},"1":{"name":"(anonymous_1)","decl":{"start":{"line":29,"column":19},"end":{"line":29,"column":20}},"loc":{"start":{"line":29,"column":25},"end":{"line":29,"column":55}},"line":29}},"branchMap":{"0":{"loc":{"start":{"line":24,"column":7},"end":{"line":32,"column":7}},"type":"binary-expr","locations":[{"start":{"line":24,"column":7},"end":{"line":24,"column":17}},{"start":{"line":25,"column":8},"end":{"line":31,"column":10}}],"line":24},"1":{"loc":{"start":{"line":26,"column":16},"end":{"line":26,"column":48}},"type":"cond-expr","locations":[{"start":{"line":26,"column":31},"end":{"line":26,"column":36}},{"start":{"line":26,"column":39},"end":{"line":26,"column":48}}],"line":26}},"s":{"0":2,"1":108,"2":108,"3":0},"f":{"0":108,"1":0},"b":{"0":[108,53],"1":[53,0]},"_coverageSchema":"1a1c01bbd47fc00a2c39e90264f33305004495a9","hash":"40abfc9593a3d0d4ed29ee38547f0f161fc69053"}
,"/Users/leninortizreyes/Desktop/ZenTimer/ZenTimer/screens/SignupScreen/SignupScreen.js": {"path":"/Users/leninortizreyes/Desktop/ZenTimer/ZenTimer/screens/SignupScreen/SignupScreen.js","statementMap":{"0":{"start":{"line":29,"column":58},"end":{"line":29,"column":64}},"1":{"start":{"line":31,"column":21},"end":{"line":167,"column":1}},"2":{"start":{"line":32,"column":42},"end":{"line":32,"column":56}},"3":{"start":{"line":33,"column":26},"end":{"line":33,"column":41}},"4":{"start":{"line":34,"column":26},"end":{"line":34,"column":56}},"5":{"start":{"line":35,"column":42},"end":{"line":35,"column":52}},"6":{"start":{"line":37,"column":19},"end":{"line":42,"column":3}},"7":{"start":{"line":38,"column":24},"end":{"line":38,"column":44}},"8":{"start":{"line":39,"column":4},"end":{"line":39,"column":19}},"9":{"start":{"line":40,"column":4},"end":{"line":40,"column":25}},"10":{"start":{"line":41,"column":4},"end":{"line":41,"column":33}},"11":{"start":{"line":44,"column":25},"end":{"line":46,"column":3}},"12":{"start":{"line":45,"column":4},"end":{"line":45,"column":18}},"13":{"start":{"line":48,"column":2},"end":{"line":166,"column":4}},"14":{"start":{"line":75,"column":12},"end":{"line":75,"column":32}},"15":{"start":{"line":79,"column":12},"end":{"line":161,"column":29}},"16":{"start":{"line":169,"column":20},"end":{"line":204,"column":1}},"17":{"start":{"line":179,"column":6},"end":{"line":179,"column":11}},"18":{"start":{"line":181,"column":2},"end":{"line":203,"column":4}},"19":{"start":{"line":194,"column":34},"end":{"line":194,"column":64}}},"fnMap":{"0":{"name":"(anonymous_0)","decl":{"start":{"line":31,"column":21},"end":{"line":31,"column":22}},"loc":{"start":{"line":31,"column":27},"end":{"line":167,"column":1}},"line":31},"1":{"name":"(anonymous_1)","decl":{"start":{"line":37,"column":19},"end":{"line":37,"column":20}},"loc":{"start":{"line":37,"column":44},"end":{"line":42,"column":3}},"line":37},"2":{"name":"(anonymous_2)","decl":{"start":{"line":44,"column":25},"end":{"line":44,"column":26}},"loc":{"start":{"line":44,"column":31},"end":{"line":46,"column":3}},"line":44},"3":{"name":"(anonymous_3)","decl":{"start":{"line":74,"column":20},"end":{"line":74,"column":21}},"loc":{"start":{"line":74,"column":32},"end":{"line":76,"column":11}},"line":74},"4":{"name":"(anonymous_4)","decl":{"start":{"line":78,"column":11},"end":{"line":78,"column":12}},"loc":{"start":{"line":79,"column":12},"end":{"line":161,"column":29}},"line":79},"5":{"name":"(anonymous_5)","decl":{"start":{"line":169,"column":20},"end":{"line":169,"column":21}},"loc":{"start":{"line":169,"column":31},"end":{"line":204,"column":1}},"line":169},"6":{"name":"(anonymous_6)","decl":{"start":{"line":194,"column":28},"end":{"line":194,"column":29}},"loc":{"start":{"line":194,"column":34},"end":{"line":194,"column":64}},"line":194}},"branchMap":{"0":{"loc":{"start":{"line":38,"column":24},"end":{"line":38,"column":44}},"type":"binary-expr","locations":[{"start":{"line":38,"column":24},"end":{"line":38,"column":36}},{"start":{"line":38,"column":40},"end":{"line":38,"column":44}}],"line":38},"1":{"loc":{"start":{"line":55,"column":9},"end":{"line":64,"column":9}},"type":"binary-expr","locations":[{"start":{"line":55,"column":9},"end":{"line":55,"column":13}},{"start":{"line":56,"column":10},"end":{"line":63,"column":12}}],"line":55},"2":{"loc":{"start":{"line":110,"column":23},"end":{"line":110,"column":70}},"type":"cond-expr","locations":[{"start":{"line":110,"column":38},"end":{"line":110,"column":65}},{"start":{"line":110,"column":68},"end":{"line":110,"column":70}}],"line":110},"3":{"loc":{"start":{"line":187,"column":7},"end":{"line":187,"column":57}},"type":"binary-expr","locations":[{"start":{"line":187,"column":7},"end":{"line":187,"column":14}},{"start":{"line":187,"column":18},"end":{"line":187,"column":57}}],"line":187},"4":{"loc":{"start":{"line":188,"column":7},"end":{"line":192,"column":7}},"type":"binary-expr","locations":[{"start":{"line":188,"column":7},"end":{"line":188,"column":13}},{"start":{"line":189,"column":8},"end":{"line":191,"column":27}}],"line":188},"5":{"loc":{"start":{"line":193,"column":7},"end":{"line":201,"column":7}},"type":"binary-expr","locations":[{"start":{"line":193,"column":7},"end":{"line":193,"column":17}},{"start":{"line":194,"column":8},"end":{"line":200,"column":20}}],"line":193},"6":{"loc":{"start":{"line":196,"column":18},"end":{"line":196,"column":50}},"type":"cond-expr","locations":[{"start":{"line":196,"column":33},"end":{"line":196,"column":38}},{"start":{"line":196,"column":41},"end":{"line":196,"column":50}}],"line":196}},"s":{"0":1,"1":1,"2":54,"3":53,"4":53,"5":53,"6":53,"7":1,"8":1,"9":1,"10":1,"11":53,"12":2,"13":53,"14":0,"15":59,"16":1,"17":295,"18":295,"19":0},"f":{"0":54,"1":1,"2":2,"3":0,"4":59,"5":295,"6":0},"b":{"0":[1,0],"1":[53,2],"2":[1,58],"3":[295,236],"4":[295,59],"5":[295,118],"6":[118,0]},"_coverageSchema":"1a1c01bbd47fc00a2c39e90264f33305004495a9","hash":"a7de463d9ace04c255be289d2473deff92f67586"}
,"/Users/leninortizreyes/Desktop/ZenTimer/ZenTimer/screens/SignupScreen/SignupScreenStyles.js": {"path":"/Users/leninortizreyes/Desktop/ZenTimer/ZenTimer/screens/SignupScreen/SignupScreenStyles.js","statementMap":{"0":{"start":{"line":6,"column":24},"end":{"line":6,"column":49}},"1":{"start":{"line":8,"column":58},"end":{"line":8,"column":64}},"2":{"start":{"line":10,"column":31},"end":{"line":16,"column":1}},"3":{"start":{"line":18,"column":30},"end":{"line":23,"column":1}},"4":{"start":{"line":25,"column":24},"end":{"line":30,"column":1}},"5":{"start":{"line":32,"column":25},"end":{"line":38,"column":1}},"6":{"start":{"line":40,"column":24},"end":{"line":46,"column":1}},"7":{"start":{"line":48,"column":30},"end":{"line":50,"column":1}},"8":{"start":{"line":52,"column":31},"end":{"line":63,"column":1}},"9":{"start":{"line":65,"column":32},"end":{"line":69,"column":1}},"10":{"start":{"line":71,"column":24},"end":{"line":76,"column":1}},"11":{"start":{"line":78,"column":25},"end":{"line":83,"column":1}},"12":{"start":{"line":85,"column":28},"end":{"line":101,"column":1}},"13":{"start":{"line":95,"column":4},"end":{"line":100,"column":3}},"14":{"start":{"line":103,"column":26},"end":{"line":113,"column":1}},"15":{"start":{"line":108,"column":4},"end":{"line":112,"column":3}},"16":{"start":{"line":115,"column":22},"end":{"line":118,"column":1}},"17":{"start":{"line":120,"column":20},"end":{"line":125,"column":1}},"18":{"start":{"line":127,"column":25},"end":{"line":132,"column":1}},"19":{"start":{"line":134,"column":25},"end":{"line":139,"column":1}},"20":{"start":{"line":141,"column":24},"end":{"line":144,"column":1}},"21":{"start":{"line":146,"column":31},"end":{"line":149,"column":1}}},"fnMap":{"0":{"name":"(anonymous_0)","decl":{"start":{"line":94,"column":4},"end":{"line":94,"column":5}},"loc":{"start":{"line":95,"column":4},"end":{"line":100,"column":3}},"line":95},"1":{"name":"(anonymous_1)","decl":{"start":{"line":107,"column":4},"end":{"line":107,"column":5}},"loc":{"start":{"line":108,"column":4},"end":{"line":112,"column":3}},"line":108}},"branchMap":{"0":{"loc":{"start":{"line":95,"column":4},"end":{"line":100,"column":3}},"type":"binary-expr","locations":[{"start":{"line":95,"column":4},"end":{"line":95,"column":24}},{"start":{"line":96,"column":4},"end":{"line":100,"column":3}}],"line":95},"1":{"loc":{"start":{"line":108,"column":4},"end":{"line":112,"column":3}},"type":"binary-expr","locations":[{"start":{"line":108,"column":4},"end":{"line":108,"column":24}},{"start":{"line":109,"column":4},"end":{"line":112,"column":3}}],"line":108}},"s":{"0":1,"1":1,"2":1,"3":1,"4":1,"5":1,"6":1,"7":1,"8":1,"9":1,"10":1,"11":1,"12":1,"13":59,"14":1,"15":59,"16":1,"17":1,"18":1,"19":1,"20":1,"21":1},"f":{"0":59,"1":59},"b":{"0":[59,0],"1":[59,0]},"_coverageSchema":"1a1c01bbd47fc00a2c39e90264f33305004495a9","hash":"94fe11efc152944085659ffe8fc0f900a61e0b94"}
}
