{"/Users/leninortizreyes/Desktop/ZenTimer/ZenTimer/App.js": {"path":"/Users/leninortizreyes/Desktop/ZenTimer/ZenTimer/App.js","statementMap":{"0":{"start":{"line":10,"column":2},"end":{"line":16,"column":4}},"1":{"start":{"line":19,"column":0},"end":{"line":19,"column":27}}},"fnMap":{"0":{"name":"App","decl":{"start":{"line":9,"column":24},"end":{"line":9,"column":27}},"loc":{"start":{"line":9,"column":30},"end":{"line":17,"column":1}},"line":9}},"branchMap":{},"s":{"0":0,"1":0},"f":{"0":0},"b":{}}
,"/Users/leninortizreyes/Desktop/ZenTimer/ZenTimer/component/TextInputLoginScreen.js": {"path":"/Users/leninortizreyes/Desktop/ZenTimer/ZenTimer/component/TextInputLoginScreen.js","statementMap":{"0":{"start":{"line":9,"column":29},"end":{"line":34,"column":1}},"1":{"start":{"line":17,"column":6},"end":{"line":17,"column":11}},"2":{"start":{"line":19,"column":2},"end":{"line":33,"column":4}},"3":{"start":{"line":29,"column":25},"end":{"line":29,"column":55}}},"fnMap":{"0":{"name":"(anonymous_0)","decl":{"start":{"line":9,"column":29},"end":{"line":9,"column":30}},"loc":{"start":{"line":9,"column":40},"end":{"line":34,"column":1}},"line":9},"1":{"name":"(anonymous_1)","decl":{"start":{"line":29,"column":19},"end":{"line":29,"column":20}},"loc":{"start":{"line":29,"column":25},"end":{"line":29,"column":55}},"line":29}},"branchMap":{"0":{"loc":{"start":{"line":24,"column":7},"end":{"line":31,"column":7}},"type":"binary-expr","locations":[{"start":{"line":24,"column":7},"end":{"line":24,"column":17}},{"start":{"line":25,"column":8},"end":{"line":30,"column":10}}],"line":24},"1":{"loc":{"start":{"line":26,"column":16},"end":{"line":26,"column":48}},"type":"cond-expr","locations":[{"start":{"line":26,"column":31},"end":{"line":26,"column":36}},{"start":{"line":26,"column":39},"end":{"line":26,"column":48}}],"line":26}},"s":{"0":1,"1":106,"2":106,"3":0},"f":{"0":106,"1":0},"b":{"0":[106,53],"1":[53,0]},"_coverageSchema":"1a1c01bbd47fc00a2c39e90264f33305004495a9","hash":"fb83610647aa1051c5295ec7cf9dbb64e8edf24c"}
,"/Users/leninortizreyes/Desktop/ZenTimer/ZenTimer/screens/LoginScreen/LoginScreen.js": {"path":"/Users/leninortizreyes/Desktop/ZenTimer/ZenTimer/screens/LoginScreen/LoginScreen.js","statementMap":{"0":{"start":{"line":24,"column":35},"end":{"line":24,"column":41}},"1":{"start":{"line":26,"column":20},"end":{"line":109,"column":1}},"2":{"start":{"line":27,"column":42},"end":{"line":27,"column":56}},"3":{"start":{"line":29,"column":2},"end":{"line":108,"column":4}},"4":{"start":{"line":43,"column":12},"end":{"line":43,"column":32}},"5":{"start":{"line":47,"column":12},"end":{"line":103,"column":29}}},"fnMap":{"0":{"name":"(anonymous_0)","decl":{"start":{"line":26,"column":20},"end":{"line":26,"column":21}},"loc":{"start":{"line":26,"column":26},"end":{"line":109,"column":1}},"line":26},"1":{"name":"(anonymous_1)","decl":{"start":{"line":42,"column":20},"end":{"line":42,"column":21}},"loc":{"start":{"line":42,"column":32},"end":{"line":44,"column":11}},"line":42},"2":{"name":"(anonymous_2)","decl":{"start":{"line":46,"column":11},"end":{"line":46,"column":12}},"loc":{"start":{"line":47,"column":12},"end":{"line":103,"column":29}},"line":47}},"branchMap":{},"s":{"0":1,"1":1,"2":51,"3":50,"4":0,"5":53},"f":{"0":51,"1":0,"2":53},"b":{},"_coverageSchema":"1a1c01bbd47fc00a2c39e90264f33305004495a9","hash":"bf4269439b99764554c3109a1b9da1b98a1f007e"}
,"/Users/leninortizreyes/Desktop/ZenTimer/ZenTimer/screens/LoginScreen/LoginScreenStyles.js": {"path":"/Users/leninortizreyes/Desktop/ZenTimer/ZenTimer/screens/LoginScreen/LoginScreenStyles.js","statementMap":{"0":{"start":{"line":6,"column":24},"end":{"line":6,"column":49}},"1":{"start":{"line":8,"column":58},"end":{"line":8,"column":64}},"2":{"start":{"line":10,"column":31},"end":{"line":16,"column":1}},"3":{"start":{"line":18,"column":30},"end":{"line":23,"column":1}},"4":{"start":{"line":25,"column":24},"end":{"line":30,"column":1}},"5":{"start":{"line":32,"column":25},"end":{"line":38,"column":1}},"6":{"start":{"line":40,"column":24},"end":{"line":46,"column":1}},"7":{"start":{"line":48,"column":30},"end":{"line":50,"column":1}},"8":{"start":{"line":52,"column":31},"end":{"line":63,"column":1}},"9":{"start":{"line":65,"column":32},"end":{"line":69,"column":1}},"10":{"start":{"line":71,"column":24},"end":{"line":76,"column":1}},"11":{"start":{"line":78,"column":25},"end":{"line":83,"column":1}},"12":{"start":{"line":85,"column":28},"end":{"line":101,"column":1}},"13":{"start":{"line":95,"column":4},"end":{"line":100,"column":3}},"14":{"start":{"line":103,"column":26},"end":{"line":113,"column":1}},"15":{"start":{"line":108,"column":4},"end":{"line":112,"column":3}},"16":{"start":{"line":115,"column":22},"end":{"line":118,"column":1}},"17":{"start":{"line":120,"column":20},"end":{"line":125,"column":1}},"18":{"start":{"line":127,"column":26},"end":{"line":132,"column":1}},"19":{"start":{"line":134,"column":26},"end":{"line":139,"column":1}},"20":{"start":{"line":141,"column":26},"end":{"line":144,"column":1}},"21":{"start":{"line":146,"column":33},"end":{"line":149,"column":1}}},"fnMap":{"0":{"name":"(anonymous_0)","decl":{"start":{"line":94,"column":4},"end":{"line":94,"column":5}},"loc":{"start":{"line":95,"column":4},"end":{"line":100,"column":3}},"line":95},"1":{"name":"(anonymous_1)","decl":{"start":{"line":107,"column":4},"end":{"line":107,"column":5}},"loc":{"start":{"line":108,"column":4},"end":{"line":112,"column":3}},"line":108}},"branchMap":{"0":{"loc":{"start":{"line":95,"column":4},"end":{"line":100,"column":3}},"type":"binary-expr","locations":[{"start":{"line":95,"column":4},"end":{"line":95,"column":24}},{"start":{"line":96,"column":4},"end":{"line":100,"column":3}}],"line":95},"1":{"loc":{"start":{"line":108,"column":4},"end":{"line":112,"column":3}},"type":"binary-expr","locations":[{"start":{"line":108,"column":4},"end":{"line":108,"column":24}},{"start":{"line":109,"column":4},"end":{"line":112,"column":3}}],"line":108}},"s":{"0":1,"1":1,"2":1,"3":1,"4":1,"5":1,"6":1,"7":1,"8":1,"9":1,"10":1,"11":1,"12":1,"13":106,"14":1,"15":106,"16":1,"17":1,"18":1,"19":1,"20":1,"21":1},"f":{"0":106,"1":106},"b":{"0":[106,53],"1":[106,53]},"_coverageSchema":"1a1c01bbd47fc00a2c39e90264f33305004495a9","hash":"47c78407c3877f32a5c3456e91c9e991ed4e3794"}
}
