TN:
SF:App.js
FN:7,App
FNF:1
FNH:1
FNDA:2,App
DA:8,2
LF:1
LH:1
BRF:0
BRH:0
end_of_record
TN:
SF:screens/LoginScreen/LoginScreen.js
FN:24,(anonymous_0)
FN:39,(anonymous_1)
FN:43,(anonymous_2)
FN:78,(anonymous_3)
FN:96,(anonymous_4)
FNF:5
FNH:3
FNDA:18,(anonymous_0)
FNDA:0,(anonymous_1)
FNDA:21,(anonymous_2)
FNDA:42,(anonymous_3)
FNDA:0,(anonymous_4)
DA:22,2
DA:24,2
DA:25,18
DA:27,17
DA:40,0
DA:44,21
DA:78,2
DA:86,42
DA:88,42
DA:96,0
LF:10
LH:8
BRDA:95,0,0,42
BRDA:95,0,1,21
BRDA:98,1,0,21
BRDA:98,1,1,0
BRF:4
BRH:3
end_of_record
TN:
SF:screens/LoginScreen/LoginScreenStyles.js
FNF:0
FNH:0
DA:6,2
DA:8,2
DA:10,2
DA:17,2
DA:23,2
DA:30,2
DA:38,2
DA:46,2
DA:50,2
DA:63,2
DA:69,2
DA:76,2
DA:83,2
DA:92,2
LF:14
LH:14
BRF:0
BRH:0
end_of_record
