TN:
SF:screens/LoginScreen/LoginScreen.js
FN:28,(anonymous_0)
FN:43,(anonymous_1)
FN:47,(anonymous_2)
FN:96,(anonymous_3)
FN:114,(anonymous_4)
FNF:5
FNH:3
FNDA:27,(anonymous_0)
FNDA:0,(anonymous_1)
FNDA:30,(anonymous_2)
FNDA:60,(anonymous_3)
FNDA:0,(anonymous_4)
DA:26,2
DA:28,2
DA:29,27
DA:31,26
DA:44,0
DA:48,30
DA:96,2
DA:104,60
DA:106,60
DA:114,0
LF:10
LH:8
BRDA:113,0,0,60
BRDA:113,0,1,30
BRDA:116,1,0,30
BRDA:116,1,1,0
BRF:4
BRH:3
end_of_record
TN:
SF:screens/LoginScreen/LoginScreenStyles.js
FNF:0
FNH:0
DA:6,2
DA:8,2
DA:10,2
DA:17,2
DA:23,2
DA:30,2
DA:38,2
DA:46,2
DA:50,2
DA:63,2
DA:69,2
DA:76,2
DA:83,2
DA:93,2
DA:98,2
DA:103,2
LF:16
LH:16
BRF:0
BRH:0
end_of_record
TN:
SF:styles/AppStyles.js
FNF:0
FNH:0
DA:6,2
DA:15,2
DA:19,2
LF:3
LH:3
BRF:0
BRH:0
end_of_record
